[32minfo[39m: "connecting to local SQL ..."
[31merror[39m: [
    "Error during Data Source initialization",
    {
        "code": "ECONNREFUSED"
    }
]
[32minfo[39m: "connecting to local SQL ..."
[31merror[39m: [
    "Error during Data Source initialization",
    {
        "code": "ECONNREFUSED"
    }
]
[32minfo[39m: "connecting to local SQL ..."
[32minfo[39m: "Data Source has been initialized!"
[32minfo[39m: "connecting to local SQL ..."
[32minfo[39m: "Data Source has been initialized!"
[32minfo[39m: "connecting to local SQL ..."
[32minfo[39m: "Data Source has been initialized!"
[32minfo[39m: "local server running on port: 3030"
[32minfo[39m: "Migrations successfully run."
[32minfo[39m: "connecting to local SQL ..."
[32minfo[39m: "Data Source has been initialized!"
[32minfo[39m: "local server running on port: 3030"
[32minfo[39m: "Migrations successfully run."
